#
# There is insufficient memory for the Java Runtime Environment to continue.
# Native memory allocation (mmap) failed to map 199229440 bytes for G1 virtual space
# Possible reasons:
#   The system is out of physical RAM or swap space
#   The process is running with CompressedOops enabled, and the Java Heap may be blocking the growth of the native heap
# Possible solutions:
#   Reduce memory load on the system
#   Increase physical memory or swap space
#   Check if swap backing store is full
#   Decrease Java heap size (-Xmx/-Xms)
#   Decrease number of Java threads
#   Decrease Java thread stack sizes (-Xss)
#   Set larger code cache with -XX:ReservedCodeCacheSize=
#   JVM is running with Zero Based Compressed Oops mode in which the Java heap is
#     placed in the first 32GB address space. The Java Heap base address is the
#     maximum limit for the native heap growth. Please use -XX:HeapBaseMinAddress
#     to set the Java Heap base and to place the Java Heap above 32GB virtual address.
# This output file may be truncated or incomplete.
#
#  Out of Memory Error (os_windows.cpp:3604), pid=10160, tid=1168
#
# JRE version:  (21.0.10+8) (build )
# Java VM: Java HotSpot(TM) 64-Bit Server VM (21.0.10+8-LTS-217, mixed mode, sharing, tiered, compressed oops, compressed class ptrs, g1 gc, windows-amd64)
# No core dump will be written. Minidumps are not enabled by default on client versions of Windows
#

---------------  S U M M A R Y ------------

Command Line: -Duser.timezone=Asia/Kolkata -Dnet.bytebuddy.agent.attacher.dump= net.bytebuddy.agent.Attacher com.sun.tools.attach.VirtualMachine 9464 C:\Users\dell\.m2\repository\net\bytebuddy\byte-buddy-agent\1.17.8\byte-buddy-agent-1.17.8.jar false 

Host: Intel(R) Core(TM) i3-7100U CPU @ 2.40GHz, 4 cores, 11G,  Windows 10 , 64 bit Build 19041 (10.0.19041.5915)
Time: Fri May  1 15:53:45 2026 India Standard Time elapsed time: 0.039098 seconds (0d 0h 0m 0s)

---------------  T H R E A D  ---------------

Current thread (0x00000270a7f5b9c0):  JavaThread "Unknown thread" [_thread_in_vm, id=1168, stack(0x000000ac62c00000,0x000000ac62d00000) (1024K)]

Stack: [0x000000ac62c00000,0x000000ac62d00000]
Native frames: (J=compiled Java code, j=interpreted, Vv=VM code, C=native code)
V  [jvm.dll+0x6d0b59]
V  [jvm.dll+0x85fd56]
V  [jvm.dll+0x86224e]
V  [jvm.dll+0x862923]
V  [jvm.dll+0x282a16]
V  [jvm.dll+0x6cd405]
V  [jvm.dll+0x6c1f8a]
V  [jvm.dll+0x35bcc8]
V  [jvm.dll+0x363986]
V  [jvm.dll+0x3b4a3e]
V  [jvm.dll+0x3b4ce8]
V  [jvm.dll+0x32f98c]
V  [jvm.dll+0x3304db]
V  [jvm.dll+0x829d3e]
V  [jvm.dll+0x3c19d1]
V  [jvm.dll+0x812c0a]
V  [jvm.dll+0x4543d1]
V  [jvm.dll+0x455e21]
C  [jli.dll+0x5310]
C  [ucrtbase.dll+0x21bb2]
C  [KERNEL32.DLL+0x17374]
C  [ntdll.dll+0x4cc91]


---------------  P R O C E S S  ---------------

Threads class SMR info:
_java_thread_list=0x00007ffab8a48c88, length=0, elements={
}

Java Threads: ( => current thread )
Total: 0

Other Threads:
  0x00000270aa21c830 WorkerThread "GC Thread#0"                     [id=5784, stack(0x000000ac62d00000,0x000000ac62e00000) (1024K)]
  0x00000270aa229530 ConcurrentGCThread "G1 Main Marker"            [id=5924, stack(0x000000ac62e00000,0x000000ac62f00000) (1024K)]
  0x00000270aa229f50 WorkerThread "G1 Conc#0"                       [id=12100, stack(0x000000ac62f00000,0x000000ac63000000) (1024K)]

[error occurred during error reporting (printing all threads), id 0xc0000005, EXCEPTION_ACCESS_VIOLATION (0xc0000005) at pc=0x00007ffab81b2447]
VM state: not at safepoint (not fully initialized)

VM Mutex/Monitor currently owned by a thread:  ([mutex/lock_event])
[0x00007ffab8aba010] Heap_lock - owner thread: 0x00000270a7f5b9c0

Heap address: 0x0000000742000000, size: 3040 MB, Compressed Oops mode: Zero based, Oop shift amount: 3

CDS archive(s) mapped at: [0x0000000000000000-0x0000000000000000-0x0000000000000000), size 0, SharedBaseAddress: 0x0000000800000000, ArchiveRelocationMode: 1.
Narrow klass base: 0x0000000000000000, Narrow klass shift: 0, Narrow klass range: 0x0

GC Precious Log:
 CardTable entry size: 512
 Card Set container configuration: InlinePtr #cards 4 size 8 Array Of Cards #cards 16 size 48 Howl #buckets 8 coarsen threshold 3686 Howl Bitmap #cards 512 size 80 coarsen threshold 460 Card regions per heap region 1 cards per card region 4096

Heap:
 garbage-first heap   total 0K, used 0K [0x0000000742000000, 0x0000000800000000)
  region size 2048K, 0 young (0K), 0 survivors (0K)

[error occurred during error reporting (printing heap information), id 0xc0000005, EXCEPTION_ACCESS_VIOLATION (0xc0000005) at pc=0x00007ffab859ac39]
GC Heap History (0 events):
No events

Dll operation events (1 events):
Event: 0.017 Loaded shared library C:\Program Files\Java\jdk-21.0.10\bin\java.dll

Deoptimization events (0 events):
No events

Classes loaded (0 events):
No events

Classes unloaded (0 events):
No events

Classes redefined (0 events):
No events

Internal exceptions (0 events):
No events

ZGC Phase Switch (0 events):
No events

VM Operations (0 events):
No events

Events (0 events):
No events


Dynamic libraries:
0x00007ff73fd60000 - 0x00007ff73fd70000 	C:\Program Files\Java\jdk-21.0.10\bin\java.exe
0x00007ffafa5d0000 - 0x00007ffafa7c8000 	C:\Windows\SYSTEM32\ntdll.dll
0x00007ffaf8970000 - 0x00007ffaf8a32000 	C:\Windows\System32\KERNEL32.DLL
0x00007ffaf7c90000 - 0x00007ffaf7f86000 	C:\Windows\System32\KERNELBASE.dll
0x00007ffaf7fe0000 - 0x00007ffaf80e0000 	C:\Windows\System32\ucrtbase.dll
0x00007ffab8ef0000 - 0x00007ffab8f09000 	C:\Program Files\Java\jdk-21.0.10\bin\jli.dll
0x00007ffafa150000 - 0x00007ffafa201000 	C:\Windows\System32\ADVAPI32.dll
0x00007ffaf9580000 - 0x00007ffaf961e000 	C:\Windows\System32\msvcrt.dll
0x00007ffaf9800000 - 0x00007ffaf989f000 	C:\Windows\System32\sechost.dll
0x00007ffabac70000 - 0x00007ffabac8e000 	C:\Program Files\Java\jdk-21.0.10\bin\VCRUNTIME140.dll
0x00007ffaf92e0000 - 0x00007ffaf9400000 	C:\Windows\System32\RPCRT4.dll
0x00007ffaf7c60000 - 0x00007ffaf7c87000 	C:\Windows\System32\bcrypt.dll
0x00007ffafa210000 - 0x00007ffafa3b1000 	C:\Windows\System32\USER32.dll
0x00007ffaf80e0000 - 0x00007ffaf8102000 	C:\Windows\System32\win32u.dll
0x00007ffafa450000 - 0x00007ffafa47b000 	C:\Windows\System32\GDI32.dll
0x00007ffaf8450000 - 0x00007ffaf8569000 	C:\Windows\System32\gdi32full.dll
0x00007ffaf83b0000 - 0x00007ffaf844d000 	C:\Windows\System32\msvcp_win.dll
0x00007ffaea5d0000 - 0x00007ffaea86b000 	C:\Windows\WinSxS\amd64_microsoft.windows.common-controls_6595b64144ccf1df_6.0.19041.6456_none_60b8a6cb71f64256\COMCTL32.dll
0x00007ffaf1130000 - 0x00007ffaf113a000 	C:\Windows\SYSTEM32\VERSION.dll
0x00007ffaf9690000 - 0x00007ffaf96bf000 	C:\Windows\System32\IMM32.DLL
0x00007ffabafb0000 - 0x00007ffabafbc000 	C:\Program Files\Java\jdk-21.0.10\bin\vcruntime140_1.dll
0x00007ffab8ba0000 - 0x00007ffab8c2d000 	C:\Program Files\Java\jdk-21.0.10\bin\msvcp140.dll
0x00007ffab7e70000 - 0x00007ffab8b97000 	C:\Program Files\Java\jdk-21.0.10\bin\server\jvm.dll
0x00007ffaf9620000 - 0x00007ffaf968b000 	C:\Windows\System32\WS2_32.dll
0x00007ffaf7ac0000 - 0x00007ffaf7b0b000 	C:\Windows\SYSTEM32\POWRPROF.dll
0x00007ffae8780000 - 0x00007ffae87a7000 	C:\Windows\SYSTEM32\WINMM.dll
0x00007ffaf7aa0000 - 0x00007ffaf7ab2000 	C:\Windows\SYSTEM32\UMPDC.dll
0x00007ffaf6430000 - 0x00007ffaf6442000 	C:\Windows\SYSTEM32\kernel.appcore.dll
0x00007ffabac60000 - 0x00007ffabac6a000 	C:\Program Files\Java\jdk-21.0.10\bin\jimage.dll
0x00007ffaf6120000 - 0x00007ffaf6321000 	C:\Windows\SYSTEM32\DBGHELP.DLL
0x00007ffadbdf0000 - 0x00007ffadbe24000 	C:\Windows\SYSTEM32\dbgcore.DLL
0x00007ffaf81c0000 - 0x00007ffaf8242000 	C:\Windows\System32\bcryptPrimitives.dll
0x00007ffab8ec0000 - 0x00007ffab8ee1000 	C:\Program Files\Java\jdk-21.0.10\bin\java.dll

dbghelp: loaded successfully - version: 4.0.5 - missing functions: none
symbol engine: initialized successfully - sym options: 0x614 - pdb path: .;C:\Program Files\Java\jdk-21.0.10\bin;C:\Windows\SYSTEM32;C:\Windows\WinSxS\amd64_microsoft.windows.common-controls_6595b64144ccf1df_6.0.19041.6456_none_60b8a6cb71f64256;C:\Program Files\Java\jdk-21.0.10\bin\server

VM Arguments:
jvm_args: -Duser.timezone=Asia/Kolkata -Dnet.bytebuddy.agent.attacher.dump= 
java_command: net.bytebuddy.agent.Attacher com.sun.tools.attach.VirtualMachine 9464 C:\Users\dell\.m2\repository\net\bytebuddy\byte-buddy-agent\1.17.8\byte-buddy-agent-1.17.8.jar false 
java_class_path (initial): C:\Users\dell\.m2\repository\net\bytebuddy\byte-buddy-agent\1.17.8\byte-buddy-agent-1.17.8.jar
Launcher Type: SUN_STANDARD

[Global flags]
     intx CICompilerCount                          = 3                                         {product} {ergonomic}
     uint ConcGCThreads                            = 1                                         {product} {ergonomic}
     uint G1ConcRefinementThreads                  = 4                                         {product} {ergonomic}
   size_t G1HeapRegionSize                         = 2097152                                   {product} {ergonomic}
    uintx GCDrainStackTargetSize                   = 64                                        {product} {ergonomic}
   size_t InitialHeapSize                          = 199229440                                 {product} {ergonomic}
   size_t MarkStackSize                            = 4194304                                   {product} {ergonomic}
   size_t MaxHeapSize                              = 3187671040                                {product} {ergonomic}
   size_t MinHeapDeltaBytes                        = 2097152                                   {product} {ergonomic}
   size_t MinHeapSize                              = 8388608                                   {product} {ergonomic}
    uintx NonNMethodCodeHeapSize                   = 5832780                                {pd product} {ergonomic}
    uintx NonProfiledCodeHeapSize                  = 122912730                              {pd product} {ergonomic}
    uintx ProfiledCodeHeapSize                     = 122912730                              {pd product} {ergonomic}
    uintx ReservedCodeCacheSize                    = 251658240                              {pd product} {ergonomic}
     bool SegmentedCodeCache                       = true                                      {product} {ergonomic}
   size_t SoftMaxHeapSize                          = 3187671040                             {manageable} {ergonomic}
     bool UseCompressedOops                        = true                           {product lp64_product} {ergonomic}
     bool UseG1GC                                  = true                                      {product} {ergonomic}
     bool UseLargePagesIndividualAllocation        = false                                  {pd product} {ergonomic}

Logging:
Log output configuration:
 #0: stdout all=warning uptime,level,tags foldmultilines=false
 #1: stderr all=off uptime,level,tags foldmultilines=false

Environment Variables:
JAVA_TOOL_OPTIONS=-Duser.timezone=Asia/Kolkata
PATH=C:\Program Files\Common Files\Oracle\Java\javapath;C:\Windows\system32;C:\Windows;C:\Windows\System32\Wbem;C:\Windows\System32\WindowsPowerShell\v1.0\;C:\Windows\System32\OpenSSH\;C:\MinGW\bin;C:\Program Files\Git\cmd;C:\Program Files\Docker\Docker\resources\bin;C:\apache-maven-3.9.14\bin;C:\Users\dell\AppData\Local\Programs\Python\Python312\Scripts\;C:\Users\dell\AppData\Local\Programs\Python\Python312\;C:\Users\dell\AppData\Local\Microsoft\WindowsApps;C:\Users\dell\AppData\Local\Programs\Microsoft VS Code\bin
USERNAME=dell
OS=Windows_NT
PROCESSOR_IDENTIFIER=Intel64 Family 6 Model 142 Stepping 9, GenuineIntel
TMP=C:\Users\dell\AppData\Local\Temp
TEMP=C:\Users\dell\AppData\Local\Temp




Periodic native trim disabled

---------------  S Y S T E M  ---------------

OS:
 Windows 10 , 64 bit Build 19041 (10.0.19041.5915)
OS uptime: 0 days 0:44 hours
Hyper-V role detected

CPU: total 4 (initial active 4) (2 cores per cpu, 2 threads per core) family 6 model 142 stepping 9 microcode 0xb4, cx8, cmov, fxsr, ht, mmx, 3dnowpref, sse, sse2, sse3, ssse3, sse4.1, sse4.2, popcnt, lzcnt, tsc, tscinvbit, avx, avx2, aes, erms, clmul, bmi1, bmi2, adx, fma, vzeroupper, clflush, clflushopt, hv, rdtscp, f16c
Processor Information for all 4 processors :
  Max Mhz: 2400, Current Mhz: 2400, Mhz Limit: 2400

Memory: 4k page, system-wide physical 12157M (2024M free)
TotalPageFile size 13708M (AvailPageFile size 147M)
current process WorkingSet (physical memory assigned to process): 10M, peak: 10M
current process commit charge ("private bytes"): 51M, peak: 241M

vm_info: Java HotSpot(TM) 64-Bit Server VM (21.0.10+8-LTS-217) for windows-amd64 JRE (21.0.10+8-LTS-217), built on 2025-12-18T14:59:28Z by "mach5run" with MS VC++ 17.13 (VS2022)

END.
